Copyright 1986-2017 Xilinx, Inc. All Rights Reserved.
----------------------------------------------------------------------------------------------------------------------------------------------------
| Tool Version     : Vivado v.2017.4 (win64) Build 2086221 Fri Dec 15 20:55:39 MST 2017
| Date             : Sat Dec 21 20:45:35 2019
| Host             : 40818 running 64-bit Service Pack 1  (build 7601)
| Command          : report_power -file UART_SDRAM_power_routed.rpt -pb UART_SDRAM_power_summary_routed.pb -rpx UART_SDRAM_power_routed.rpx
| Design           : UART_SDRAM
| Device           : xc7a100tfgg484-1
| Design State     : routed
| Grade            : commercial
| Process          : typical
| Characterization : Production
----------------------------------------------------------------------------------------------------------------------------------------------------

Power Report

Table of Contents
-----------------
1. Summary
1.1 On-Chip Components
1.2 Power Supply Summary
1.3 Confidence Level
2. Settings
2.1 Environment
2.2 Clock Constraints
3. Detailed Reports
3.1 By Hierarchy

1. Summary
----------

+--------------------------+--------------+
| Total On-Chip Power (W)  | 0.238        |
| Design Power Budget (W)  | Unspecified* |
| Power Budget Margin (W)  | NA           |
| Dynamic (W)              | 0.134        |
| Device Static (W)        | 0.104        |
| Effective TJA (C/W)      | 2.7          |
| Max Ambient (C)          | 84.4         |
| Junction Temperature (C) | 25.6         |
| Confidence Level         | Medium       |
| Setting File             | ---          |
| Simulation Activity File | ---          |
| Design Nets Matched      | NA           |
+--------------------------+--------------+
* Specify Design Power Budget using, set_operating_conditions -design_power_budget <value in Watts>


1.1 On-Chip Components
----------------------

+----------------+-----------+----------+-----------+-----------------+
| On-Chip        | Power (W) | Used     | Available | Utilization (%) |
+----------------+-----------+----------+-----------+-----------------+
| Clocks         |     0.002 |        6 |       --- |             --- |
| Slice Logic    |    <0.001 |     1512 |       --- |             --- |
|   LUT as Logic |    <0.001 |      731 |     63400 |            1.15 |
|   F7/F8 Muxes  |    <0.001 |      174 |     63400 |            0.27 |
|   Register     |    <0.001 |      200 |    126800 |            0.16 |
|   CARRY4       |    <0.001 |       28 |     15850 |            0.18 |
|   Others       |     0.000 |      357 |       --- |             --- |
| Signals        |     0.002 |     1756 |       --- |             --- |
| Block RAM      |     0.003 |      135 |       135 |          100.00 |
| MMCM           |     0.122 |        1 |         6 |           16.67 |
| DSPs           |    <0.001 |        4 |       240 |            1.67 |
| I/O            |     0.005 |       34 |       285 |           11.93 |
| Static Power   |     0.104 |          |           |                 |
| Total          |     0.238 |          |           |                 |
+----------------+-----------+----------+-----------+-----------------+


1.2 Power Supply Summary
------------------------

+-----------+-------------+-----------+-------------+------------+
| Source    | Voltage (V) | Total (A) | Dynamic (A) | Static (A) |
+-----------+-------------+-----------+-------------+------------+
| Vccint    |       1.000 |     0.026 |       0.007 |      0.018 |
| Vccaux    |       1.800 |     0.086 |       0.068 |      0.018 |
| Vcco33    |       3.300 |     0.005 |       0.001 |      0.004 |
| Vcco25    |       2.500 |     0.000 |       0.000 |      0.000 |
| Vcco18    |       1.800 |     0.000 |       0.000 |      0.000 |
| Vcco15    |       1.500 |     0.000 |       0.000 |      0.000 |
| Vcco135   |       1.350 |     0.000 |       0.000 |      0.000 |
| Vcco12    |       1.200 |     0.000 |       0.000 |      0.000 |
| Vccaux_io |       1.800 |     0.000 |       0.000 |      0.000 |
| Vccbram   |       1.000 |     0.004 |       0.000 |      0.003 |
| MGTAVcc   |       1.000 |     0.000 |       0.000 |      0.000 |
| MGTAVtt   |       1.200 |     0.000 |       0.000 |      0.000 |
| Vccadc    |       1.800 |     0.020 |       0.000 |      0.020 |
+-----------+-------------+-----------+-------------+------------+


1.3 Confidence Level
--------------------

+-----------------------------+------------+-------------------------------------------------------+------------------------------------------------------------------------------------------------------------+
| User Input Data             | Confidence | Details                                               | Action                                                                                                     |
+-----------------------------+------------+-------------------------------------------------------+------------------------------------------------------------------------------------------------------------+
| Design implementation state | High       | Design is routed                                      |                                                                                                            |
| Clock nodes activity        | High       | User specified more than 95% of clocks                |                                                                                                            |
| I/O nodes activity          | Medium     | More than 5% of inputs are missing user specification | Provide missing input activity with simulation results or by editing the "By Resource Type -> I/Os" view   |
| Internal nodes activity     | Medium     | User specified less than 25% of internal nodes        | Provide missing internal nodes activity with simulation results or by editing the "By Resource Type" views |
| Device models               | High       | Device models are Production                          |                                                                                                            |
|                             |            |                                                       |                                                                                                            |
| Overall confidence level    | Medium     |                                                       |                                                                                                            |
+-----------------------------+------------+-------------------------------------------------------+------------------------------------------------------------------------------------------------------------+


2. Settings
-----------

2.1 Environment
---------------

+-----------------------+--------------------------+
| Ambient Temp (C)      | 25.0                     |
| ThetaJA (C/W)         | 2.7                      |
| Airflow (LFM)         | 250                      |
| Heat Sink             | medium (Medium Profile)  |
| ThetaSA (C/W)         | 4.6                      |
| Board Selection       | medium (10"x10")         |
| # of Board Layers     | 12to15 (12 to 15 Layers) |
| Board Temperature (C) | 25.0                     |
+-----------------------+--------------------------+


2.2 Clock Constraints
---------------------

+-------------------+-----------------------------------+-----------------+
| Clock             | Domain                            | Constraint (ns) |
+-------------------+-----------------------------------+-----------------+
| clk               | clk                               |            10.0 |
| clk_25_clk_uart   | uart_clk_9/inst/clk_25_clk_uart   |            40.0 |
| clk_9_clk_uart    | uart_clk_9/inst/clk_9_clk_uart    |           108.5 |
| clkfbout_clk_uart | uart_clk_9/inst/clkfbout_clk_uart |            10.0 |
+-------------------+-----------------------------------+-----------------+


3. Detailed Reports
-------------------

3.1 By Hierarchy
----------------

+----------------------------------------------+-----------+
| Name                                         | Power (W) |
+----------------------------------------------+-----------+
| UART_SDRAM                                   |     0.134 |
|   blk_r_a                                    |     0.005 |
|     U0                                       |     0.005 |
|       inst_blk_mem_gen                       |     0.005 |
|         gnbram.gnativebmg.native_blk_mem_gen |     0.005 |
|           valid.cstr                         |     0.005 |
|             has_mux_a.A                      |    <0.001 |
|             ramloop[0].ram.r                 |    <0.001 |
|               prim_noinit.ram                |    <0.001 |
|             ramloop[100].ram.r               |    <0.001 |
|               prim_noinit.ram                |    <0.001 |
|             ramloop[101].ram.r               |    <0.001 |
|               prim_noinit.ram                |    <0.001 |
|             ramloop[102].ram.r               |    <0.001 |
|               prim_noinit.ram                |    <0.001 |
|             ramloop[103].ram.r               |    <0.001 |
|               prim_noinit.ram                |    <0.001 |
|             ramloop[104].ram.r               |    <0.001 |
|               prim_noinit.ram                |    <0.001 |
|             ramloop[105].ram.r               |    <0.001 |
|               prim_noinit.ram                |    <0.001 |
|             ramloop[106].ram.r               |    <0.001 |
|               prim_noinit.ram                |    <0.001 |
|             ramloop[107].ram.r               |    <0.001 |
|               prim_noinit.ram                |    <0.001 |
|             ramloop[108].ram.r               |    <0.001 |
|               prim_noinit.ram                |    <0.001 |
|             ramloop[109].ram.r               |    <0.001 |
|               prim_noinit.ram                |    <0.001 |
|             ramloop[10].ram.r                |    <0.001 |
|               prim_noinit.ram                |    <0.001 |
|             ramloop[110].ram.r               |    <0.001 |
|               prim_noinit.ram                |    <0.001 |
|             ramloop[111].ram.r               |    <0.001 |
|               prim_noinit.ram                |    <0.001 |
|             ramloop[112].ram.r               |    <0.001 |
|               prim_noinit.ram                |    <0.001 |
|             ramloop[113].ram.r               |    <0.001 |
|               prim_noinit.ram                |    <0.001 |
|             ramloop[114].ram.r               |    <0.001 |
|               prim_noinit.ram                |    <0.001 |
|             ramloop[115].ram.r               |    <0.001 |
|               prim_noinit.ram                |    <0.001 |
|             ramloop[116].ram.r               |    <0.001 |
|               prim_noinit.ram                |    <0.001 |
|             ramloop[117].ram.r               |    <0.001 |
|               prim_noinit.ram                |    <0.001 |
|             ramloop[11].ram.r                |    <0.001 |
|               prim_noinit.ram                |    <0.001 |
|             ramloop[12].ram.r                |    <0.001 |
|               prim_noinit.ram                |    <0.001 |
|             ramloop[13].ram.r                |    <0.001 |
|               prim_noinit.ram                |    <0.001 |
|             ramloop[14].ram.r                |    <0.001 |
|               prim_noinit.ram                |    <0.001 |
|             ramloop[15].ram.r                |    <0.001 |
|               prim_noinit.ram                |    <0.001 |
|             ramloop[16].ram.r                |    <0.001 |
|               prim_noinit.ram                |    <0.001 |
|             ramloop[17].ram.r                |    <0.001 |
|               prim_noinit.ram                |    <0.001 |
|             ramloop[18].ram.r                |    <0.001 |
|               prim_noinit.ram                |    <0.001 |
|             ramloop[19].ram.r                |    <0.001 |
|               prim_noinit.ram                |    <0.001 |
|             ramloop[1].ram.r                 |    <0.001 |
|               prim_noinit.ram                |    <0.001 |
|             ramloop[20].ram.r                |    <0.001 |
|               prim_noinit.ram                |    <0.001 |
|             ramloop[21].ram.r                |    <0.001 |
|               prim_noinit.ram                |    <0.001 |
|             ramloop[22].ram.r                |    <0.001 |
|               prim_noinit.ram                |    <0.001 |
|             ramloop[23].ram.r                |    <0.001 |
|               prim_noinit.ram                |    <0.001 |
|             ramloop[24].ram.r                |    <0.001 |
|               prim_noinit.ram                |    <0.001 |
|             ramloop[25].ram.r                |    <0.001 |
|               prim_noinit.ram                |    <0.001 |
|             ramloop[26].ram.r                |    <0.001 |
|               prim_noinit.ram                |    <0.001 |
|             ramloop[27].ram.r                |    <0.001 |
|               prim_noinit.ram                |    <0.001 |
|             ramloop[28].ram.r                |    <0.001 |
|               prim_noinit.ram                |    <0.001 |
|             ramloop[29].ram.r                |    <0.001 |
|               prim_noinit.ram                |    <0.001 |
|             ramloop[2].ram.r                 |    <0.001 |
|               prim_noinit.ram                |    <0.001 |
|             ramloop[30].ram.r                |    <0.001 |
|               prim_noinit.ram                |    <0.001 |
|             ramloop[31].ram.r                |    <0.001 |
|               prim_noinit.ram                |    <0.001 |
|             ramloop[32].ram.r                |    <0.001 |
|               prim_noinit.ram                |    <0.001 |
|             ramloop[33].ram.r                |    <0.001 |
|               prim_noinit.ram                |    <0.001 |
|             ramloop[34].ram.r                |    <0.001 |
|               prim_noinit.ram                |    <0.001 |
|             ramloop[35].ram.r                |    <0.001 |
|               prim_noinit.ram                |    <0.001 |
|             ramloop[36].ram.r                |    <0.001 |
|               prim_noinit.ram                |    <0.001 |
|             ramloop[37].ram.r                |    <0.001 |
|               prim_noinit.ram                |    <0.001 |
|             ramloop[38].ram.r                |    <0.001 |
|               prim_noinit.ram                |    <0.001 |
|             ramloop[39].ram.r                |    <0.001 |
|               prim_noinit.ram                |    <0.001 |
|             ramloop[3].ram.r                 |    <0.001 |
|               prim_noinit.ram                |    <0.001 |
|             ramloop[40].ram.r                |    <0.001 |
|               prim_noinit.ram                |    <0.001 |
|             ramloop[41].ram.r                |    <0.001 |
|               prim_noinit.ram                |    <0.001 |
|             ramloop[42].ram.r                |    <0.001 |
|               prim_noinit.ram                |    <0.001 |
|             ramloop[43].ram.r                |    <0.001 |
|               prim_noinit.ram                |    <0.001 |
|             ramloop[44].ram.r                |    <0.001 |
|               prim_noinit.ram                |    <0.001 |
|             ramloop[45].ram.r                |    <0.001 |
|               prim_noinit.ram                |    <0.001 |
|             ramloop[46].ram.r                |    <0.001 |
|               prim_noinit.ram                |    <0.001 |
|             ramloop[47].ram.r                |    <0.001 |
|               prim_noinit.ram                |    <0.001 |
|             ramloop[48].ram.r                |    <0.001 |
|               prim_noinit.ram                |    <0.001 |
|             ramloop[49].ram.r                |    <0.001 |
|               prim_noinit.ram                |    <0.001 |
|             ramloop[4].ram.r                 |    <0.001 |
|               prim_noinit.ram                |    <0.001 |
|             ramloop[50].ram.r                |    <0.001 |
|               prim_noinit.ram                |    <0.001 |
|             ramloop[51].ram.r                |    <0.001 |
|               prim_noinit.ram                |    <0.001 |
|             ramloop[52].ram.r                |    <0.001 |
|               prim_noinit.ram                |    <0.001 |
|             ramloop[53].ram.r                |    <0.001 |
|               prim_noinit.ram                |    <0.001 |
|             ramloop[54].ram.r                |    <0.001 |
|               prim_noinit.ram                |    <0.001 |
|             ramloop[55].ram.r                |    <0.001 |
|               prim_noinit.ram                |    <0.001 |
|             ramloop[56].ram.r                |    <0.001 |
|               prim_noinit.ram                |    <0.001 |
|             ramloop[57].ram.r                |    <0.001 |
|               prim_noinit.ram                |    <0.001 |
|             ramloop[58].ram.r                |    <0.001 |
|               prim_noinit.ram                |    <0.001 |
|             ramloop[59].ram.r                |    <0.001 |
|               prim_noinit.ram                |    <0.001 |
|             ramloop[5].ram.r                 |    <0.001 |
|               prim_noinit.ram                |    <0.001 |
|             ramloop[60].ram.r                |    <0.001 |
|               prim_noinit.ram                |    <0.001 |
|             ramloop[61].ram.r                |    <0.001 |
|               prim_noinit.ram                |    <0.001 |
|             ramloop[62].ram.r                |    <0.001 |
|               prim_noinit.ram                |    <0.001 |
|             ramloop[63].ram.r                |    <0.001 |
|               prim_noinit.ram                |    <0.001 |
|             ramloop[64].ram.r                |    <0.001 |
|               prim_noinit.ram                |    <0.001 |
|             ramloop[65].ram.r                |    <0.001 |
|               prim_noinit.ram                |    <0.001 |
|             ramloop[66].ram.r                |    <0.001 |
|               prim_noinit.ram                |    <0.001 |
|             ramloop[67].ram.r                |    <0.001 |
|               prim_noinit.ram                |    <0.001 |
|             ramloop[68].ram.r                |    <0.001 |
|               prim_noinit.ram                |    <0.001 |
|             ramloop[69].ram.r                |    <0.001 |
|               prim_noinit.ram                |    <0.001 |
|             ramloop[6].ram.r                 |    <0.001 |
|               prim_noinit.ram                |    <0.001 |
|             ramloop[70].ram.r                |    <0.001 |
|               prim_noinit.ram                |    <0.001 |
|             ramloop[71].ram.r                |    <0.001 |
|               prim_noinit.ram                |    <0.001 |
|             ramloop[72].ram.r                |    <0.001 |
|               prim_noinit.ram                |    <0.001 |
|             ramloop[73].ram.r                |    <0.001 |
|               prim_noinit.ram                |    <0.001 |
|             ramloop[74].ram.r                |    <0.001 |
|               prim_noinit.ram                |    <0.001 |
|             ramloop[75].ram.r                |    <0.001 |
|               prim_noinit.ram                |    <0.001 |
|             ramloop[76].ram.r                |    <0.001 |
|               prim_noinit.ram                |    <0.001 |
|             ramloop[77].ram.r                |    <0.001 |
|               prim_noinit.ram                |    <0.001 |
|             ramloop[78].ram.r                |    <0.001 |
|               prim_noinit.ram                |    <0.001 |
|             ramloop[79].ram.r                |    <0.001 |
|               prim_noinit.ram                |    <0.001 |
|             ramloop[7].ram.r                 |    <0.001 |
|               prim_noinit.ram                |    <0.001 |
|             ramloop[80].ram.r                |    <0.001 |
|               prim_noinit.ram                |    <0.001 |
|             ramloop[81].ram.r                |    <0.001 |
|               prim_noinit.ram                |    <0.001 |
|             ramloop[82].ram.r                |    <0.001 |
|               prim_noinit.ram                |    <0.001 |
|             ramloop[83].ram.r                |    <0.001 |
|               prim_noinit.ram                |    <0.001 |
|             ramloop[84].ram.r                |    <0.001 |
|               prim_noinit.ram                |    <0.001 |
|             ramloop[85].ram.r                |    <0.001 |
|               prim_noinit.ram                |    <0.001 |
|             ramloop[86].ram.r                |    <0.001 |
|               prim_noinit.ram                |    <0.001 |
|             ramloop[87].ram.r                |    <0.001 |
|               prim_noinit.ram                |    <0.001 |
|             ramloop[88].ram.r                |    <0.001 |
|               prim_noinit.ram                |    <0.001 |
|             ramloop[89].ram.r                |    <0.001 |
|               prim_noinit.ram                |    <0.001 |
|             ramloop[8].ram.r                 |    <0.001 |
|               prim_noinit.ram                |    <0.001 |
|             ramloop[90].ram.r                |    <0.001 |
|               prim_noinit.ram                |    <0.001 |
|             ramloop[91].ram.r                |    <0.001 |
|               prim_noinit.ram                |    <0.001 |
|             ramloop[92].ram.r                |    <0.001 |
|               prim_noinit.ram                |    <0.001 |
|             ramloop[93].ram.r                |    <0.001 |
|               prim_noinit.ram                |    <0.001 |
|             ramloop[94].ram.r                |    <0.001 |
|               prim_noinit.ram                |    <0.001 |
|             ramloop[95].ram.r                |    <0.001 |
|               prim_noinit.ram                |    <0.001 |
|             ramloop[96].ram.r                |    <0.001 |
|               prim_noinit.ram                |    <0.001 |
|             ramloop[97].ram.r                |    <0.001 |
|               prim_noinit.ram                |    <0.001 |
|             ramloop[98].ram.r                |    <0.001 |
|               prim_noinit.ram                |    <0.001 |
|             ramloop[99].ram.r                |    <0.001 |
|               prim_noinit.ram                |    <0.001 |
|             ramloop[9].ram.r                 |    <0.001 |
|               prim_noinit.ram                |    <0.001 |
|   ii                                         |    <0.001 |
|   uart_accept                                |     0.002 |
|   uart_clk_9                                 |     0.123 |
|     inst                                     |     0.123 |
|   uart_read                                  |    <0.001 |
+----------------------------------------------+-----------+


